{
  "RSpec": {
    "coverage": {
      "/home/empathetic-prototype-9875/tic-tac-toe-rb-ruby-intro-000/lib/tic_tac_toe.rb": [
        null,
        1,
        null,
        null,
        null,
        null,
        null,
        null,
        null,
        null,
        null,
        1,
        22,
        22,
        22,
        22,
        22,
        null,
        null,
        1,
        21,
        null,
        null,
        1,
        21,
        null,
        null,
        1,
        112,
        80,
        null,
        32,
        null,
        null,
        null,
        1,
        21,
        null,
        null,
        1,
        18,
        18,
        18,
        18,
        17,
        17,
        null,
        1,
        null,
        null,
        null,
        null,
        1,
        null,
        2,
        2,
        18,
        5,
        null,
        null,
        2,
        null,
        null,
        1,
        1,
        null,
        null,
        null,
        null,
        1,
        49,
        224,
        null,
        null,
        null,
        null,
        null,
        1,
        132,
        null,
        null,
        1,
        10,
        null,
        null,
        1,
        19,
        null,
        null,
        1,
        16,
        15,
        null,
        null,
        null,
        1,
        12,
        15,
        null,
        12,
        7,
        7,
        5,
        2,
        null,
        null
      ]
    },
    "timestamp": 1602018534
  }
}
